2026-01-02T19:09:29.676514Z  INFO tailwindcss_oxide::scanner: Provided sources:
2026-01-02T19:09:29.677265Z  INFO tailwindcss_oxide::scanner: Source: PublicSourceEntry { base: "/Users/ryanbartell/ski-conditions-aggregator", pattern: "**/*", negated: false }
2026-01-02T19:09:29.677952Z  INFO tailwindcss_oxide::scanner: Optimized sources:
2026-01-02T19:09:29.677956Z  INFO tailwindcss_oxide::scanner: Source: Auto { base: "/Users/ryanbartell/ski-conditions-aggregator" }
2026-01-02T19:09:29.681193Z  INFO scan_sources: tailwindcss_oxide::scanner: enter
2026-01-02T19:09:29.681737Z  INFO scan_sources: tailwindcss_oxide::scanner: Discovering "/Users/ryanbartell/ski-conditions-aggregator/DATA_SOURCES.md"
2026-01-02T19:09:29.681750Z  INFO scan_sources: tailwindcss_oxide::scanner: Discovering "/Users/ryanbartell/ski-conditions-aggregator/COMPLETION_SUMMARY.md"
2026-01-02T19:09:29.681771Z  INFO scan_sources: tailwindcss_oxide::scanner: Discovering "/Users/ryanbartell/ski-conditions-aggregator/.env.local"
2026-01-02T19:09:29.681799Z  INFO scan_sources: tailwindcss_oxide::scanner: Discovering "/Users/ryanbartell/ski-conditions-aggregator/app"
2026-01-02T19:09:29.681834Z  INFO scan_sources: tailwindcss_oxide::scanner: Discovering "/Users/ryanbartell/ski-conditions-aggregator/app/components"
2026-01-02T19:09:29.681853Z  INFO scan_sources: tailwindcss_oxide::scanner: Discovering "/Users/ryanbartell/ski-conditions-aggregator/app/components/ResortMap.tsx"
2026-01-02T19:09:29.681861Z  INFO scan_sources: tailwindcss_oxide::scanner: Discovering "/Users/ryanbartell/ski-conditions-aggregator/app/components/ResortCard.tsx"
2026-01-02T19:09:29.681914Z  INFO scan_sources: tailwindcss_oxide::scanner: Discovering "/Users/ryanbartell/ski-conditions-aggregator/app/layout.tsx"
2026-01-02T19:09:29.681937Z  INFO scan_sources: tailwindcss_oxide::scanner: Discovering "/Users/ryanbartell/ski-conditions-aggregator/app/api"
2026-01-02T19:09:29.681966Z  INFO scan_sources: tailwindcss_oxide::scanner: Discovering "/Users/ryanbartell/ski-conditions-aggregator/app/api/scrape"
2026-01-02T19:09:29.681982Z  INFO scan_sources: tailwindcss_oxide::scanner: Discovering "/Users/ryanbartell/ski-conditions-aggregator/app/api/scrape/# Code Citations.md"
2026-01-02T19:09:29.681991Z  INFO scan_sources: tailwindcss_oxide::scanner: Discovering "/Users/ryanbartell/ski-conditions-aggregator/app/api/scrape/route.ts"
2026-01-02T19:09:29.682012Z  INFO scan_sources: tailwindcss_oxide::scanner: Discovering "/Users/ryanbartell/ski-conditions-aggregator/app/api/radar"
2026-01-02T19:09:29.682044Z  INFO scan_sources: tailwindcss_oxide::scanner: Discovering "/Users/ryanbartell/ski-conditions-aggregator/app/api/radar/noaa-scrape"
2026-01-02T19:09:29.682066Z  INFO scan_sources: tailwindcss_oxide::scanner: Discovering "/Users/ryanbartell/ski-conditions-aggregator/app/api/radar/noaa-scrape/route.ts"
2026-01-02T19:09:29.682089Z  INFO scan_sources: tailwindcss_oxide::scanner: Discovering "/Users/ryanbartell/ski-conditions-aggregator/app/api/radar/debug-pixel"
2026-01-02T19:09:29.682107Z  INFO scan_sources: tailwindcss_oxide::scanner: Discovering "/Users/ryanbartell/ski-conditions-aggregator/app/api/radar/debug-pixel/route.ts"
2026-01-02T19:09:29.682128Z  INFO scan_sources: tailwindcss_oxide::scanner: Discovering "/Users/ryanbartell/ski-conditions-aggregator/app/api/radar/frames"
2026-01-02T19:09:29.682142Z  INFO scan_sources: tailwindcss_oxide::scanner: Discovering "/Users/ryanbartell/ski-conditions-aggregator/app/api/radar/frames/route.ts"
2026-01-02T19:09:29.682164Z  INFO scan_sources: tailwindcss_oxide::scanner: Discovering "/Users/ryanbartell/ski-conditions-aggregator/app/api/radar/tile"
2026-01-02T19:09:29.682178Z  INFO scan_sources: tailwindcss_oxide::scanner: Discovering "/Users/ryanbartell/ski-conditions-aggregator/app/api/radar/tile/route.ts"
2026-01-02T19:09:29.682199Z  INFO scan_sources: tailwindcss_oxide::scanner: Discovering "/Users/ryanbartell/ski-conditions-aggregator/app/api/radar/debug-screenshot"
2026-01-02T19:09:29.682214Z  INFO scan_sources: tailwindcss_oxide::scanner: Discovering "/Users/ryanbartell/ski-conditions-aggregator/app/api/radar/debug-screenshot/route.ts"
2026-01-02T19:09:29.682240Z  INFO scan_sources: tailwindcss_oxide::scanner: Discovering "/Users/ryanbartell/ski-conditions-aggregator/app/api/radar/synthetic"
2026-01-02T19:09:29.682255Z  INFO scan_sources: tailwindcss_oxide::scanner: Discovering "/Users/ryanbartell/ski-conditions-aggregator/app/api/radar/synthetic/route.ts"
2026-01-02T19:09:29.682285Z  INFO scan_sources: tailwindcss_oxide::scanner: Discovering "/Users/ryanbartell/ski-conditions-aggregator/app/api/radar/lib"
2026-01-02T19:09:29.682303Z  INFO scan_sources: tailwindcss_oxide::scanner: Discovering "/Users/ryanbartell/ski-conditions-aggregator/app/api/radar/lib/historical.ts"
2026-01-02T19:09:29.682310Z  INFO scan_sources: tailwindcss_oxide::scanner: Discovering "/Users/ryanbartell/ski-conditions-aggregator/app/api/radar/lib/noaa-tiles.ts"
2026-01-02T19:09:29.682316Z  INFO scan_sources: tailwindcss_oxide::scanner: Discovering "/Users/ryanbartell/ski-conditions-aggregator/app/api/radar/lib/radar-manager.ts"
2026-01-02T19:09:29.682323Z  INFO scan_sources: tailwindcss_oxide::scanner: Discovering "/Users/ryanbartell/ski-conditions-aggregator/app/api/radar/lib/interpolation.ts"
2026-01-02T19:09:29.682343Z  INFO scan_sources: tailwindcss_oxide::scanner: Discovering "/Users/ryanbartell/ski-conditions-aggregator/app/api/radar/synthetic-frames"
2026-01-02T19:09:29.682358Z  INFO scan_sources: tailwindcss_oxide::scanner: Discovering "/Users/ryanbartell/ski-conditions-aggregator/app/api/radar/synthetic-frames/route.ts"
2026-01-02T19:09:29.682367Z  INFO scan_sources: tailwindcss_oxide::scanner: Discovering "/Users/ryanbartell/ski-conditions-aggregator/app/page.tsx"
2026-01-02T19:09:29.682374Z  INFO scan_sources: tailwindcss_oxide::scanner: Discovering "/Users/ryanbartell/ski-conditions-aggregator/app/globals.css"
2026-01-02T19:09:29.682380Z  INFO scan_sources: tailwindcss_oxide::scanner: Discovering "/Users/ryanbartell/ski-conditions-aggregator/PROOF_OF_WORKING_API.md"
2026-01-02T19:09:29.682398Z  INFO scan_sources: tailwindcss_oxide::scanner: Discovering "/Users/ryanbartell/ski-conditions-aggregator/cache"
2026-01-02T19:09:29.682433Z  INFO scan_sources: tailwindcss_oxide::scanner: Discovering "/Users/ryanbartell/ski-conditions-aggregator/cache/noaa-radar"
2026-01-02T19:09:29.682455Z  INFO scan_sources: tailwindcss_oxide::scanner: Discovering "/Users/ryanbartell/ski-conditions-aggregator/IMPLEMENTATION_SUMMARY.md"
2026-01-02T19:09:29.682461Z  INFO scan_sources: tailwindcss_oxide::scanner: Discovering "/Users/ryanbartell/ski-conditions-aggregator/debug_test.html"
2026-01-02T19:09:29.682467Z  INFO scan_sources: tailwindcss_oxide::scanner: Discovering "/Users/ryanbartell/ski-conditions-aggregator/SETUP.md"
2026-01-02T19:09:29.682475Z  INFO scan_sources: tailwindcss_oxide::scanner: Discovering "/Users/ryanbartell/ski-conditions-aggregator/radar-quality-test-report.json"
2026-01-02T19:09:29.682481Z  INFO scan_sources: tailwindcss_oxide::scanner: Discovering "/Users/ryanbartell/ski-conditions-aggregator/tsconfig.tsbuildinfo"
2026-01-02T19:09:29.682488Z  INFO scan_sources: tailwindcss_oxide::scanner: Discovering "/Users/ryanbartell/ski-conditions-aggregator/radar-comprehensive-test-report.json"
2026-01-02T19:09:29.682500Z  INFO scan_sources: tailwindcss_oxide::scanner: Discovering "/Users/ryanbartell/ski-conditions-aggregator/next.config.js"
2026-01-02T19:09:29.682530Z  INFO scan_sources: tailwindcss_oxide::scanner: Discovering "/Users/ryanbartell/ski-conditions-aggregator/debug_radar.js"
2026-01-02T19:09:29.682537Z  INFO scan_sources: tailwindcss_oxide::scanner: Discovering "/Users/ryanbartell/ski-conditions-aggregator/debug_radar_component.js"
2026-01-02T19:09:29.682542Z  INFO scan_sources: tailwindcss_oxide::scanner: Discovering "/Users/ryanbartell/ski-conditions-aggregator/RADAR_IMPLEMENTATION.md"
2026-01-02T19:09:29.682548Z  INFO scan_sources: tailwindcss_oxide::scanner: Discovering "/Users/ryanbartell/ski-conditions-aggregator/test_radar_automated.js"
2026-01-02T19:09:29.682582Z  INFO scan_sources: tailwindcss_oxide::scanner: Discovering "/Users/ryanbartell/ski-conditions-aggregator/next-env.d.ts"
2026-01-02T19:09:29.682594Z  INFO scan_sources: tailwindcss_oxide::scanner: Discovering "/Users/ryanbartell/ski-conditions-aggregator/debug_page.js"
2026-01-02T19:09:29.682600Z  INFO scan_sources: tailwindcss_oxide::scanner: Discovering "/Users/ryanbartell/ski-conditions-aggregator/tailwind.config.ts"
2026-01-02T19:09:29.682605Z  INFO scan_sources: tailwindcss_oxide::scanner: Discovering "/Users/ryanbartell/ski-conditions-aggregator/test_radar.js"
2026-01-02T19:09:29.682622Z  INFO scan_sources: tailwindcss_oxide::scanner: Discovering "/Users/ryanbartell/ski-conditions-aggregator/components"
2026-01-02T19:09:29.682639Z  INFO scan_sources: tailwindcss_oxide::scanner: Discovering "/Users/ryanbartell/ski-conditions-aggregator/components/DevToolsInitializer.tsx"
2026-01-02T19:09:29.682657Z  INFO scan_sources: tailwindcss_oxide::scanner: Discovering "/Users/ryanbartell/ski-conditions-aggregator/public"
2026-01-02T19:09:29.682683Z  INFO scan_sources: tailwindcss_oxide::scanner: Discovering "/Users/ryanbartell/ski-conditions-aggregator/public/debug-screenshots"
2026-01-02T19:09:29.682712Z  INFO scan_sources: tailwindcss_oxide::scanner: Discovering "/Users/ryanbartell/ski-conditions-aggregator/public/debug-screenshots/pixel_log.ndjson"
2026-01-02T19:09:29.682728Z  INFO scan_sources: tailwindcss_oxide::scanner: Discovering "/Users/ryanbartell/ski-conditions-aggregator/test_api.js"
2026-01-02T19:09:29.682740Z  INFO scan_sources: tailwindcss_oxide::scanner: Discovering "/Users/ryanbartell/ski-conditions-aggregator/package.json"
2026-01-02T19:09:29.682756Z  INFO scan_sources: tailwindcss_oxide::scanner: Discovering "/Users/ryanbartell/ski-conditions-aggregator/scripts"
2026-01-02T19:09:29.682782Z  INFO scan_sources: tailwindcss_oxide::scanner: Discovering "/Users/ryanbartell/ski-conditions-aggregator/scripts/cache"
2026-01-02T19:09:29.682811Z  INFO scan_sources: tailwindcss_oxide::scanner: Discovering "/Users/ryanbartell/ski-conditions-aggregator/scripts/cache/stations"
2026-01-02T19:09:29.682828Z  INFO scan_sources: tailwindcss_oxide::scanner: Discovering "/Users/ryanbartell/ski-conditions-aggregator/scripts/cache/stations/KHIE_2025-12-23T17-00-07.012Z_2025-12-30T17-00-07.012Z.json"
2026-01-02T19:09:29.682836Z  INFO scan_sources: tailwindcss_oxide::scanner: Discovering "/Users/ryanbartell/ski-conditions-aggregator/scripts/cache/stations/KMVL_2025-12-23T17-00-07.012Z_2025-12-30T17-00-07.012Z.json"
2026-01-02T19:09:29.682843Z  INFO scan_sources: tailwindcss_oxide::scanner: Discovering "/Users/ryanbartell/ski-conditions-aggregator/scripts/cache/stations/KHIE_2025-12-23T16-49-02.124Z_2025-12-30T16-49-02.124Z.json"
2026-01-02T19:09:29.682850Z  INFO scan_sources: tailwindcss_oxide::scanner: Discovering "/Users/ryanbartell/ski-conditions-aggregator/scripts/cache/stations/KMVL_2025-12-23T16-49-02.124Z_2025-12-30T16-49-02.124Z.json"
2026-01-02T19:09:29.682857Z  INFO scan_sources: tailwindcss_oxide::scanner: Discovering "/Users/ryanbartell/ski-conditions-aggregator/scripts/cache/stations/KRUT_2025-12-23T16-49-02.124Z_2025-12-30T16-49-02.124Z.json"
2026-01-02T19:09:29.682863Z  INFO scan_sources: tailwindcss_oxide::scanner: Discovering "/Users/ryanbartell/ski-conditions-aggregator/scripts/cache/stations/KRUT_2025-12-23T17-00-07.012Z_2025-12-30T17-00-07.012Z.json"
2026-01-02T19:09:29.682884Z  INFO scan_sources: tailwindcss_oxide::scanner: Discovering "/Users/ryanbartell/ski-conditions-aggregator/scripts/test"
2026-01-02T19:09:29.682897Z  INFO scan_sources: tailwindcss_oxide::scanner: Discovering "/Users/ryanbartell/ski-conditions-aggregator/scripts/test/historical_sample.json"
2026-01-02T19:09:29.682905Z  INFO scan_sources: tailwindcss_oxide::scanner: Discovering "/Users/ryanbartell/ski-conditions-aggregator/scripts/validate_loon_stowe.cjs"
2026-01-02T19:09:29.682925Z  INFO scan_sources: tailwindcss_oxide::scanner: Discovering "/Users/ryanbartell/ski-conditions-aggregator/scripts/output"
2026-01-02T19:09:29.682943Z  INFO scan_sources: tailwindcss_oxide::scanner: Discovering "/Users/ryanbartell/ski-conditions-aggregator/scripts/output/snow_validation_2025-12-30T16-42-31-818Z.json"
2026-01-02T19:09:29.682952Z  INFO scan_sources: tailwindcss_oxide::scanner: Discovering "/Users/ryanbartell/ski-conditions-aggregator/scripts/output/snow_validation_2025-12-30T16-41-47-057Z.csv"
2026-01-02T19:09:29.682959Z  INFO scan_sources: tailwindcss_oxide::scanner: Discovering "/Users/ryanbartell/ski-conditions-aggregator/scripts/output/snow_validation_2025-12-30T16-43-07-072Z.json"
2026-01-02T19:09:29.682965Z  INFO scan_sources: tailwindcss_oxide::scanner: Discovering "/Users/ryanbartell/ski-conditions-aggregator/scripts/output/snow_validation_2025-12-30T16-41-47-057Z.json"
2026-01-02T19:09:29.682972Z  INFO scan_sources: tailwindcss_oxide::scanner: Discovering "/Users/ryanbartell/ski-conditions-aggregator/scripts/output/snow_validation_2025-12-30T16-42-31-818Z.csv"
2026-01-02T19:09:29.682978Z  INFO scan_sources: tailwindcss_oxide::scanner: Discovering "/Users/ryanbartell/ski-conditions-aggregator/scripts/output/snow_validation_2025-12-30T16-41-00-329Z.csv"
2026-01-02T19:09:29.682984Z  INFO scan_sources: tailwindcss_oxide::scanner: Discovering "/Users/ryanbartell/ski-conditions-aggregator/scripts/output/snow_validation_2025-12-30T16-43-07-072Z.csv"
2026-01-02T19:09:29.682998Z  INFO scan_sources: tailwindcss_oxide::scanner: Discovering "/Users/ryanbartell/ski-conditions-aggregator/scripts/output/tune_report_2025-12-30T17-00-34-613Z.json"
2026-01-02T19:09:29.683004Z  INFO scan_sources: tailwindcss_oxide::scanner: Discovering "/Users/ryanbartell/ski-conditions-aggregator/scripts/output/tune_report_2025-12-30T16-49-15-440Z.json"
2026-01-02T19:09:29.683011Z  INFO scan_sources: tailwindcss_oxide::scanner: Discovering "/Users/ryanbartell/ski-conditions-aggregator/scripts/output/snow_validation_2025-12-30T16-41-00-329Z.json"
2026-01-02T19:09:29.683018Z  INFO scan_sources: tailwindcss_oxide::scanner: Discovering "/Users/ryanbartell/ski-conditions-aggregator/scripts/cache_and_tune.cjs"
2026-01-02T19:09:29.683024Z  INFO scan_sources: tailwindcss_oxide::scanner: Discovering "/Users/ryanbartell/ski-conditions-aggregator/scripts/run_snow_model.cjs"
2026-01-02T19:09:29.683030Z  INFO scan_sources: tailwindcss_oxide::scanner: Discovering "/Users/ryanbartell/ski-conditions-aggregator/scripts/run_snow_model.ts"
2026-01-02T19:09:29.683036Z  INFO scan_sources: tailwindcss_oxide::scanner: Discovering "/Users/ryanbartell/ski-conditions-aggregator/scripts/scrape_onthesnow.cjs"
2026-01-02T19:09:29.683043Z  INFO scan_sources: tailwindcss_oxide::scanner: Discovering "/Users/ryanbartell/ski-conditions-aggregator/DEBUG_BLANK_MAP.md"
2026-01-02T19:09:29.683048Z  INFO scan_sources: tailwindcss_oxide::scanner: Discovering "/Users/ryanbartell/ski-conditions-aggregator/COPILOT_PROMPT.md"
2026-01-02T19:09:29.683054Z  INFO scan_sources: tailwindcss_oxide::scanner: Discovering "/Users/ryanbartell/ski-conditions-aggregator/RUNTIME_ERROR_FIX.md"
2026-01-02T19:09:29.683073Z  INFO scan_sources: tailwindcss_oxide::scanner: Discovering "/Users/ryanbartell/ski-conditions-aggregator/lib"
2026-01-02T19:09:29.683088Z  INFO scan_sources: tailwindcss_oxide::scanner: Discovering "/Users/ryanbartell/ski-conditions-aggregator/lib/snowModel.ts"
2026-01-02T19:09:29.683095Z  INFO scan_sources: tailwindcss_oxide::scanner: Discovering "/Users/ryanbartell/ski-conditions-aggregator/lib/nws.ts"
2026-01-02T19:09:29.683101Z  INFO scan_sources: tailwindcss_oxide::scanner: Discovering "/Users/ryanbartell/ski-conditions-aggregator/lib/devtools.ts"
2026-01-02T19:09:29.683107Z  INFO scan_sources: tailwindcss_oxide::scanner: Discovering "/Users/ryanbartell/ski-conditions-aggregator/lib/types.ts"
2026-01-02T19:09:29.683132Z  INFO scan_sources: tailwindcss_oxide::scanner: Discovering "/Users/ryanbartell/ski-conditions-aggregator/lib/weather.ts"
2026-01-02T19:09:29.683179Z  INFO scan_sources: tailwindcss_oxide::scanner: Discovering "/Users/ryanbartell/ski-conditions-aggregator/lib/db"
2026-01-02T19:09:29.683204Z  INFO scan_sources: tailwindcss_oxide::scanner: Discovering "/Users/ryanbartell/ski-conditions-aggregator/lib/db/schema.sql"
2026-01-02T19:09:29.683218Z  INFO scan_sources: tailwindcss_oxide::scanner: Discovering "/Users/ryanbartell/ski-conditions-aggregator/lib/db/supabase.ts"
2026-01-02T19:09:29.683227Z  INFO scan_sources: tailwindcss_oxide::scanner: Discovering "/Users/ryanbartell/ski-conditions-aggregator/lib/resorts.ts"
2026-01-02T19:09:29.683269Z  INFO scan_sources: tailwindcss_oxide::scanner: Discovering "/Users/ryanbartell/ski-conditions-aggregator/lib/resorts"
2026-01-02T19:09:29.683289Z  INFO scan_sources: tailwindcss_oxide::scanner: Discovering "/Users/ryanbartell/ski-conditions-aggregator/tsconfig.json"
2026-01-02T19:09:29.683297Z  INFO scan_sources: tailwindcss_oxide::scanner: Discovering "/Users/ryanbartell/ski-conditions-aggregator/radar-test-report.json"
2026-01-02T19:09:29.683304Z  INFO scan_sources: tailwindcss_oxide::scanner: Discovering "/Users/ryanbartell/ski-conditions-aggregator/test_radar_comprehensive.js"
2026-01-02T19:09:29.683347Z  INFO scan_sources: tailwindcss_oxide::scanner: Discovering "/Users/ryanbartell/ski-conditions-aggregator/.vscode"
2026-01-02T19:09:29.683365Z  INFO scan_sources: tailwindcss_oxide::scanner: Discovering "/Users/ryanbartell/ski-conditions-aggregator/.vscode/settings.json"
2026-01-02T19:09:29.683372Z  INFO scan_sources: tailwindcss_oxide::scanner: Discovering "/Users/ryanbartell/ski-conditions-aggregator/.vscode/launch.json"
2026-01-02T19:09:29.683379Z  INFO scan_sources: tailwindcss_oxide::scanner: Discovering "/Users/ryanbartell/ski-conditions-aggregator/postcss.config.js"
2026-01-02T19:09:29.683386Z  INFO scan_sources: tailwindcss_oxide::scanner: Discovering "/Users/ryanbartell/ski-conditions-aggregator/RENDERING_FIX_FINAL.md"
2026-01-02T19:09:29.683392Z  INFO scan_sources: tailwindcss_oxide::scanner: Discovering "/Users/ryanbartell/ski-conditions-aggregator/test-radar-manager.mjs"
2026-01-02T19:09:29.683398Z  INFO scan_sources: tailwindcss_oxide::scanner: Discovering "/Users/ryanbartell/ski-conditions-aggregator/RADAR_IMPLEMENTATION_RESEARCH.md"
2026-01-02T19:09:29.683405Z  INFO scan_sources: tailwindcss_oxide::scanner: Discovering "/Users/ryanbartell/ski-conditions-aggregator/ACTUAL_STATUS.md"
2026-01-02T19:09:29.683410Z  INFO scan_sources: tailwindcss_oxide::scanner: Discovering "/Users/ryanbartell/ski-conditions-aggregator/FIXES_APPLIED.md"
2026-01-02T19:09:29.683416Z  INFO scan_sources: tailwindcss_oxide::scanner: Discovering "/Users/ryanbartell/ski-conditions-aggregator/LIVE_DATA_UPDATE.md"
2026-01-02T19:09:29.683426Z  INFO scan_sources: tailwindcss_oxide::scanner: exit
2026-01-02T19:09:29.683429Z  INFO extract_candidates: tailwindcss_oxide::scanner: enter
2026-01-02T19:09:29.683432Z  INFO extract_candidates:read_all_files: tailwindcss_oxide::scanner: enter
2026-01-02T19:09:29.683433Z  INFO extract_candidates:read_all_files: tailwindcss_oxide::scanner: Reading 85 file(s)
2026-01-02T19:09:29.683618Z  INFO tailwindcss_oxide::scanner: Reading "/Users/ryanbartell/ski-conditions-aggregator/DATA_SOURCES.md"
2026-01-02T19:09:29.683855Z  INFO tailwindcss_oxide::scanner: Reading "/Users/ryanbartell/ski-conditions-aggregator/app/api/radar/frames/route.ts"
2026-01-02T19:09:29.683880Z  INFO tailwindcss_oxide::scanner: Reading "/Users/ryanbartell/ski-conditions-aggregator/app/layout.tsx"
2026-01-02T19:09:29.683938Z  INFO tailwindcss_oxide::scanner: Reading "/Users/ryanbartell/ski-conditions-aggregator/scripts/cache/stations/KHIE_2025-12-23T16-49-02.124Z_2025-12-30T16-49-02.124Z.json"
2026-01-02T19:09:29.683944Z  INFO tailwindcss_oxide::scanner: Reading "/Users/ryanbartell/ski-conditions-aggregator/.env.local"
2026-01-02T19:09:29.684057Z  INFO tailwindcss_oxide::scanner: Reading "/Users/ryanbartell/ski-conditions-aggregator/IMPLEMENTATION_SUMMARY.md"
2026-01-02T19:09:29.684071Z  INFO tailwindcss_oxide::scanner: Reading "/Users/ryanbartell/ski-conditions-aggregator/COMPLETION_SUMMARY.md"
2026-01-02T19:09:29.684086Z  INFO tailwindcss_oxide::scanner: Reading "/Users/ryanbartell/ski-conditions-aggregator/radar-test-report.json"
2026-01-02T19:09:29.684109Z  INFO tailwindcss_oxide::scanner: Reading "/Users/ryanbartell/ski-conditions-aggregator/app/components/ResortMap.tsx"
2026-01-02T19:09:29.684188Z  INFO tailwindcss_oxide::scanner: Reading "/Users/ryanbartell/ski-conditions-aggregator/app/api/radar/lib/noaa-tiles.ts"
2026-01-02T19:09:29.684201Z  INFO tailwindcss_oxide::scanner: Reading "/Users/ryanbartell/ski-conditions-aggregator/radar-comprehensive-test-report.json"
2026-01-02T19:09:29.684056Z  INFO tailwindcss_oxide::scanner: Reading "/Users/ryanbartell/ski-conditions-aggregator/COPILOT_PROMPT.md"
2026-01-02T19:09:29.684238Z  INFO tailwindcss_oxide::scanner: Reading "/Users/ryanbartell/ski-conditions-aggregator/app/components/ResortCard.tsx"
2026-01-02T19:09:29.684206Z  INFO tailwindcss_oxide::scanner: Reading "/Users/ryanbartell/ski-conditions-aggregator/app/api/scrape/# Code Citations.md"
2026-01-02T19:09:29.684193Z  INFO tailwindcss_oxide::scanner: Reading "/Users/ryanbartell/ski-conditions-aggregator/test_radar_automated.js"
2026-01-02T19:09:29.684272Z  INFO tailwindcss_oxide::scanner: Reading "/Users/ryanbartell/ski-conditions-aggregator/next.config.js"
2026-01-02T19:09:29.684281Z  INFO tailwindcss_oxide::scanner: Reading "/Users/ryanbartell/ski-conditions-aggregator/app/api/radar/synthetic/route.ts"
2026-01-02T19:09:29.684234Z  INFO tailwindcss_oxide::scanner: Reading "/Users/ryanbartell/ski-conditions-aggregator/debug_test.html"
2026-01-02T19:09:29.684243Z  INFO tailwindcss_oxide::scanner: Reading "/Users/ryanbartell/ski-conditions-aggregator/test_radar_comprehensive.js"
2026-01-02T19:09:29.684218Z  INFO tailwindcss_oxide::scanner: Reading "/Users/ryanbartell/ski-conditions-aggregator/app/api/radar/debug-screenshot/route.ts"
2026-01-02T19:09:29.684283Z  INFO tailwindcss_oxide::scanner: Reading "/Users/ryanbartell/ski-conditions-aggregator/RUNTIME_ERROR_FIX.md"
2026-01-02T19:09:29.684347Z  INFO tailwindcss_oxide::scanner: Reading "/Users/ryanbartell/ski-conditions-aggregator/.vscode/settings.json"
2026-01-02T19:09:29.684294Z  INFO tailwindcss_oxide::scanner: Reading "/Users/ryanbartell/ski-conditions-aggregator/RENDERING_FIX_FINAL.md"
2026-01-02T19:09:29.684305Z  INFO tailwindcss_oxide::scanner: Reading "/Users/ryanbartell/ski-conditions-aggregator/app/api/scrape/route.ts"
2026-01-02T19:09:29.684305Z  INFO tailwindcss_oxide::scanner: Reading "/Users/ryanbartell/ski-conditions-aggregator/next-env.d.ts"
2026-01-02T19:09:29.684309Z  INFO tailwindcss_oxide::scanner: Reading "/Users/ryanbartell/ski-conditions-aggregator/debug_radar.js"
2026-01-02T19:09:29.684395Z  INFO tailwindcss_oxide::scanner: Reading "/Users/ryanbartell/ski-conditions-aggregator/.vscode/launch.json"
2026-01-02T19:09:29.684312Z  INFO tailwindcss_oxide::scanner: Reading "/Users/ryanbartell/ski-conditions-aggregator/app/api/radar/lib/radar-manager.ts"
2026-01-02T19:09:29.684420Z  INFO tailwindcss_oxide::scanner: Reading "/Users/ryanbartell/ski-conditions-aggregator/app/api/radar/noaa-scrape/route.ts"
2026-01-02T19:09:29.684342Z  INFO tailwindcss_oxide::scanner: Reading "/Users/ryanbartell/ski-conditions-aggregator/SETUP.md"
2026-01-02T19:09:29.684431Z  INFO tailwindcss_oxide::scanner: Reading "/Users/ryanbartell/ski-conditions-aggregator/debug_page.js"
2026-01-02T19:09:29.684356Z  INFO tailwindcss_oxide::scanner: Reading "/Users/ryanbartell/ski-conditions-aggregator/app/api/radar/synthetic-frames/route.ts"
2026-01-02T19:09:29.684324Z  INFO tailwindcss_oxide::scanner: Reading "/Users/ryanbartell/ski-conditions-aggregator/app/api/radar/lib/historical.ts"
2026-01-02T19:09:29.684433Z  INFO tailwindcss_oxide::scanner: Reading "/Users/ryanbartell/ski-conditions-aggregator/postcss.config.js"
2026-01-02T19:09:29.684476Z  INFO tailwindcss_oxide::scanner: Reading "/Users/ryanbartell/ski-conditions-aggregator/radar-quality-test-report.json"
2026-01-02T19:09:29.684206Z  INFO tailwindcss_oxide::scanner: Reading "/Users/ryanbartell/ski-conditions-aggregator/app/api/radar/tile/route.ts"
2026-01-02T19:09:29.684435Z  INFO tailwindcss_oxide::scanner: Reading "/Users/ryanbartell/ski-conditions-aggregator/debug_radar_component.js"
2026-01-02T19:09:29.684455Z  INFO tailwindcss_oxide::scanner: Reading "/Users/ryanbartell/ski-conditions-aggregator/app/api/radar/debug-pixel/route.ts"
2026-01-02T19:09:29.684525Z  INFO tailwindcss_oxide::scanner: Reading "/Users/ryanbartell/ski-conditions-aggregator/app/api/radar/lib/interpolation.ts"
2026-01-02T19:09:29.684486Z  INFO tailwindcss_oxide::scanner: Reading "/Users/ryanbartell/ski-conditions-aggregator/tailwind.config.ts"
2026-01-02T19:09:29.684550Z  INFO tailwindcss_oxide::scanner: Reading "/Users/ryanbartell/ski-conditions-aggregator/scripts/output/snow_validation_2025-12-30T16-42-31-818Z.csv"
2026-01-02T19:09:29.684561Z  INFO tailwindcss_oxide::scanner: Reading "/Users/ryanbartell/ski-conditions-aggregator/test-radar-manager.mjs"
2026-01-02T19:09:29.684505Z  INFO tailwindcss_oxide::scanner: Reading "/Users/ryanbartell/ski-conditions-aggregator/app/page.tsx"
2026-01-02T19:09:29.684409Z  INFO tailwindcss_oxide::scanner: Reading "/Users/ryanbartell/ski-conditions-aggregator/lib/snowModel.ts"
2026-01-02T19:09:29.684656Z  INFO tailwindcss_oxide::scanner: Reading "/Users/ryanbartell/ski-conditions-aggregator/tsconfig.tsbuildinfo"
2026-01-02T19:09:29.684664Z  INFO tailwindcss_oxide::scanner: Reading "/Users/ryanbartell/ski-conditions-aggregator/scripts/run_snow_model.ts"
2026-01-02T19:09:29.684697Z  INFO tailwindcss_oxide::scanner: Reading "/Users/ryanbartell/ski-conditions-aggregator/RADAR_IMPLEMENTATION_RESEARCH.md"
2026-01-02T19:09:29.684812Z  INFO tailwindcss_oxide::scanner: Reading "/Users/ryanbartell/ski-conditions-aggregator/RADAR_IMPLEMENTATION.md"
2026-01-02T19:09:29.684864Z  INFO tailwindcss_oxide::scanner: Reading "/Users/ryanbartell/ski-conditions-aggregator/PROOF_OF_WORKING_API.md"
2026-01-02T19:09:29.684540Z  INFO tailwindcss_oxide::scanner: Reading "/Users/ryanbartell/ski-conditions-aggregator/scripts/output/snow_validation_2025-12-30T16-41-00-329Z.json"
2026-01-02T19:09:29.684897Z  INFO tailwindcss_oxide::scanner: Reading "/Users/ryanbartell/ski-conditions-aggregator/scripts/output/snow_validation_2025-12-30T16-41-00-329Z.csv"
2026-01-02T19:09:29.684873Z  INFO tailwindcss_oxide::scanner: Reading "/Users/ryanbartell/ski-conditions-aggregator/lib/types.ts"
2026-01-02T19:09:29.684990Z  INFO tailwindcss_oxide::scanner: Reading "/Users/ryanbartell/ski-conditions-aggregator/scripts/scrape_onthesnow.cjs"
2026-01-02T19:09:29.685040Z  INFO tailwindcss_oxide::scanner: Reading "/Users/ryanbartell/ski-conditions-aggregator/ACTUAL_STATUS.md"
2026-01-02T19:09:29.685112Z  INFO tailwindcss_oxide::scanner: Reading "/Users/ryanbartell/ski-conditions-aggregator/lib/devtools.ts"
2026-01-02T19:09:29.685201Z  INFO tailwindcss_oxide::scanner: Reading "/Users/ryanbartell/ski-conditions-aggregator/scripts/output/snow_validation_2025-12-30T16-43-07-072Z.csv"
2026-01-02T19:09:29.685203Z  INFO tailwindcss_oxide::scanner: Reading "/Users/ryanbartell/ski-conditions-aggregator/scripts/cache_and_tune.cjs"
2026-01-02T19:09:29.685295Z  INFO tailwindcss_oxide::scanner: Reading "/Users/ryanbartell/ski-conditions-aggregator/test_radar.js"
2026-01-02T19:09:29.685385Z  INFO tailwindcss_oxide::scanner: Reading "/Users/ryanbartell/ski-conditions-aggregator/lib/nws.ts"
2026-01-02T19:09:29.684990Z  INFO tailwindcss_oxide::scanner: Reading "/Users/ryanbartell/ski-conditions-aggregator/scripts/validate_loon_stowe.cjs"
2026-01-02T19:09:29.685393Z  INFO tailwindcss_oxide::scanner: Reading "/Users/ryanbartell/ski-conditions-aggregator/scripts/output/snow_validation_2025-12-30T16-41-47-057Z.csv"
2026-01-02T19:09:29.685478Z  INFO tailwindcss_oxide::scanner: Reading "/Users/ryanbartell/ski-conditions-aggregator/scripts/output/tune_report_2025-12-30T17-00-34-613Z.json"
2026-01-02T19:09:29.685391Z  INFO tailwindcss_oxide::scanner: Reading "/Users/ryanbartell/ski-conditions-aggregator/lib/db/supabase.ts"
2026-01-02T19:09:29.685518Z  INFO tailwindcss_oxide::scanner: Reading "/Users/ryanbartell/ski-conditions-aggregator/package.json"
2026-01-02T19:09:29.685485Z  INFO tailwindcss_oxide::scanner: Reading "/Users/ryanbartell/ski-conditions-aggregator/scripts/run_snow_model.cjs"
2026-01-02T19:09:29.685577Z  INFO tailwindcss_oxide::scanner: Reading "/Users/ryanbartell/ski-conditions-aggregator/lib/resorts.ts"
2026-01-02T19:09:29.685631Z  INFO tailwindcss_oxide::scanner: Reading "/Users/ryanbartell/ski-conditions-aggregator/DEBUG_BLANK_MAP.md"
2026-01-02T19:09:29.685655Z  INFO tailwindcss_oxide::scanner: Reading "/Users/ryanbartell/ski-conditions-aggregator/scripts/cache/stations/KMVL_2025-12-23T16-49-02.124Z_2025-12-30T16-49-02.124Z.json"
2026-01-02T19:09:29.685671Z  INFO tailwindcss_oxide::scanner: Reading "/Users/ryanbartell/ski-conditions-aggregator/scripts/output/snow_validation_2025-12-30T16-42-31-818Z.json"
2026-01-02T19:09:29.685671Z  INFO tailwindcss_oxide::scanner: Reading "/Users/ryanbartell/ski-conditions-aggregator/lib/weather.ts"
2026-01-02T19:09:29.685705Z  INFO tailwindcss_oxide::scanner: Reading "/Users/ryanbartell/ski-conditions-aggregator/components/DevToolsInitializer.tsx"
2026-01-02T19:09:29.685961Z  INFO tailwindcss_oxide::scanner: Reading "/Users/ryanbartell/ski-conditions-aggregator/scripts/output/snow_validation_2025-12-30T16-41-47-057Z.json"
2026-01-02T19:09:29.685963Z  INFO tailwindcss_oxide::scanner: Reading "/Users/ryanbartell/ski-conditions-aggregator/tsconfig.json"
2026-01-02T19:09:29.685981Z  INFO tailwindcss_oxide::scanner: Reading "/Users/ryanbartell/ski-conditions-aggregator/scripts/output/tune_report_2025-12-30T16-49-15-440Z.json"
2026-01-02T19:09:29.686011Z  INFO tailwindcss_oxide::scanner: Reading "/Users/ryanbartell/ski-conditions-aggregator/scripts/output/snow_validation_2025-12-30T16-43-07-072Z.json"
2026-01-02T19:09:29.685523Z  INFO tailwindcss_oxide::scanner: Reading "/Users/ryanbartell/ski-conditions-aggregator/FIXES_APPLIED.md"
2026-01-02T19:09:29.686043Z  INFO tailwindcss_oxide::scanner: Reading "/Users/ryanbartell/ski-conditions-aggregator/LIVE_DATA_UPDATE.md"
2026-01-02T19:09:29.686064Z  INFO tailwindcss_oxide::scanner: Reading "/Users/ryanbartell/ski-conditions-aggregator/lib/db/schema.sql"
2026-01-02T19:09:29.686078Z  INFO tailwindcss_oxide::scanner: Reading "/Users/ryanbartell/ski-conditions-aggregator/test_api.js"
2026-01-02T19:09:29.686080Z  INFO tailwindcss_oxide::scanner: Reading "/Users/ryanbartell/ski-conditions-aggregator/scripts/cache/stations/KRUT_2025-12-23T16-49-02.124Z_2025-12-30T16-49-02.124Z.json"
2026-01-02T19:09:29.686079Z  INFO tailwindcss_oxide::scanner: Reading "/Users/ryanbartell/ski-conditions-aggregator/scripts/test/historical_sample.json"
2026-01-02T19:09:29.686159Z  INFO tailwindcss_oxide::scanner: Reading "/Users/ryanbartell/ski-conditions-aggregator/public/debug-screenshots/pixel_log.ndjson"
2026-01-02T19:09:29.686235Z  INFO tailwindcss_oxide::scanner: Reading "/Users/ryanbartell/ski-conditions-aggregator/scripts/cache/stations/KRUT_2025-12-23T17-00-07.012Z_2025-12-30T17-00-07.012Z.json"
2026-01-02T19:09:29.686454Z  INFO tailwindcss_oxide::scanner: Reading "/Users/ryanbartell/ski-conditions-aggregator/scripts/cache/stations/KMVL_2025-12-23T17-00-07.012Z_2025-12-30T17-00-07.012Z.json"
2026-01-02T19:09:29.686458Z  INFO tailwindcss_oxide::scanner: Reading "/Users/ryanbartell/ski-conditions-aggregator/scripts/cache/stations/KHIE_2025-12-23T17-00-07.012Z_2025-12-30T17-00-07.012Z.json"
2026-01-02T19:09:29.687507Z  INFO extract_candidates:read_all_files: tailwindcss_oxide::scanner: exit
2026-01-02T19:09:29.687512Z  INFO extract_candidates:parse_all_blobs: tailwindcss_oxide::scanner: enter
2026-01-02T19:09:29.687515Z  INFO extract_candidates:parse_all_blobs:extract: tailwindcss_oxide::scanner: enter
2026-01-02T19:09:29.705566Z  INFO extract_candidates:parse_all_blobs:extract: tailwindcss_oxide::scanner: exit
2026-01-02T19:09:29.705589Z  INFO extract_candidates:parse_all_blobs: tailwindcss_oxide::scanner: exit
2026-01-02T19:09:29.705594Z  INFO extract_candidates:read_all_files: tailwindcss_oxide::scanner: enter
2026-01-02T19:09:29.705596Z  INFO extract_candidates:read_all_files: tailwindcss_oxide::scanner: Reading 1 file(s)
2026-01-02T19:09:29.705648Z  INFO extract_candidates:read_all_files: tailwindcss_oxide::scanner: Reading "/Users/ryanbartell/ski-conditions-aggregator/app/globals.css"
2026-01-02T19:09:29.705660Z  INFO extract_candidates:read_all_files: tailwindcss_oxide::scanner: exit
2026-01-02T19:09:29.705663Z  INFO extract_candidates:extract_css_variables: tailwindcss_oxide::scanner: enter
2026-01-02T19:09:29.705665Z  INFO extract_candidates:extract_css_variables:extract: tailwindcss_oxide::scanner: enter
2026-01-02T19:09:29.705758Z  INFO extract_candidates:extract_css_variables:extract: tailwindcss_oxide::scanner: exit
2026-01-02T19:09:29.705763Z  INFO extract_candidates:extract_css_variables: tailwindcss_oxide::scanner: exit
2026-01-02T19:09:29.706246Z  INFO extract_candidates: tailwindcss_oxide::scanner: exit
2026-01-02T19:09:29.709622Z  INFO get_files: tailwindcss_oxide::scanner: enter
2026-01-02T19:09:29.709639Z  INFO get_files:scan_sources: tailwindcss_oxide::scanner: enter
2026-01-02T19:09:29.709922Z  INFO get_files:scan_sources: tailwindcss_oxide::scanner: Discovering "/Users/ryanbartell/ski-conditions-aggregator/app"
2026-01-02T19:09:29.709947Z  INFO get_files:scan_sources: tailwindcss_oxide::scanner: Discovering "/Users/ryanbartell/ski-conditions-aggregator/app/components"
2026-01-02T19:09:29.709982Z  INFO get_files:scan_sources: tailwindcss_oxide::scanner: Discovering "/Users/ryanbartell/ski-conditions-aggregator/app/api"
2026-01-02T19:09:29.710002Z  INFO get_files:scan_sources: tailwindcss_oxide::scanner: Discovering "/Users/ryanbartell/ski-conditions-aggregator/app/api/scrape"
2026-01-02T19:09:29.710034Z  INFO get_files:scan_sources: tailwindcss_oxide::scanner: Discovering "/Users/ryanbartell/ski-conditions-aggregator/app/api/radar"
2026-01-02T19:09:29.710060Z  INFO get_files:scan_sources: tailwindcss_oxide::scanner: Discovering "/Users/ryanbartell/ski-conditions-aggregator/app/api/radar/noaa-scrape"
2026-01-02T19:09:29.710088Z  INFO get_files:scan_sources: tailwindcss_oxide::scanner: Discovering "/Users/ryanbartell/ski-conditions-aggregator/app/api/radar/debug-pixel"
2026-01-02T19:09:29.710113Z  INFO get_files:scan_sources: tailwindcss_oxide::scanner: Discovering "/Users/ryanbartell/ski-conditions-aggregator/app/api/radar/frames"
2026-01-02T19:09:29.710136Z  INFO get_files:scan_sources: tailwindcss_oxide::scanner: Discovering "/Users/ryanbartell/ski-conditions-aggregator/app/api/radar/tile"
2026-01-02T19:09:29.710160Z  INFO get_files:scan_sources: tailwindcss_oxide::scanner: Discovering "/Users/ryanbartell/ski-conditions-aggregator/app/api/radar/debug-screenshot"
2026-01-02T19:09:29.710185Z  INFO get_files:scan_sources: tailwindcss_oxide::scanner: Discovering "/Users/ryanbartell/ski-conditions-aggregator/app/api/radar/synthetic"
2026-01-02T19:09:29.710214Z  INFO get_files:scan_sources: tailwindcss_oxide::scanner: Discovering "/Users/ryanbartell/ski-conditions-aggregator/app/api/radar/lib"
2026-01-02T19:09:29.710249Z  INFO get_files:scan_sources: tailwindcss_oxide::scanner: Discovering "/Users/ryanbartell/ski-conditions-aggregator/app/api/radar/synthetic-frames"
2026-01-02T19:09:29.710285Z  INFO get_files:scan_sources: tailwindcss_oxide::scanner: Discovering "/Users/ryanbartell/ski-conditions-aggregator/cache"
2026-01-02T19:09:29.710306Z  INFO get_files:scan_sources: tailwindcss_oxide::scanner: Discovering "/Users/ryanbartell/ski-conditions-aggregator/cache/noaa-radar"
2026-01-02T19:09:29.710411Z  INFO get_files:scan_sources: tailwindcss_oxide::scanner: Discovering "/Users/ryanbartell/ski-conditions-aggregator/components"
2026-01-02T19:09:29.710435Z  INFO get_files:scan_sources: tailwindcss_oxide::scanner: Discovering "/Users/ryanbartell/ski-conditions-aggregator/public"
2026-01-02T19:09:29.710456Z  INFO get_files:scan_sources: tailwindcss_oxide::scanner: Discovering "/Users/ryanbartell/ski-conditions-aggregator/public/debug-screenshots"
2026-01-02T19:09:29.710520Z  INFO get_files:scan_sources: tailwindcss_oxide::scanner: Discovering "/Users/ryanbartell/ski-conditions-aggregator/scripts"
2026-01-02T19:09:29.710541Z  INFO get_files:scan_sources: tailwindcss_oxide::scanner: Discovering "/Users/ryanbartell/ski-conditions-aggregator/scripts/cache"
2026-01-02T19:09:29.710567Z  INFO get_files:scan_sources: tailwindcss_oxide::scanner: Discovering "/Users/ryanbartell/ski-conditions-aggregator/scripts/cache/stations"
2026-01-02T19:09:29.710611Z  INFO get_files:scan_sources: tailwindcss_oxide::scanner: Discovering "/Users/ryanbartell/ski-conditions-aggregator/scripts/test"
2026-01-02T19:09:29.710639Z  INFO get_files:scan_sources: tailwindcss_oxide::scanner: Discovering "/Users/ryanbartell/ski-conditions-aggregator/scripts/output"
2026-01-02T19:09:29.710714Z  INFO get_files:scan_sources: tailwindcss_oxide::scanner: Discovering "/Users/ryanbartell/ski-conditions-aggregator/lib"
2026-01-02T19:09:29.710750Z  INFO get_files:scan_sources: tailwindcss_oxide::scanner: Discovering "/Users/ryanbartell/ski-conditions-aggregator/lib/db"
2026-01-02T19:09:29.710779Z  INFO get_files:scan_sources: tailwindcss_oxide::scanner: Discovering "/Users/ryanbartell/ski-conditions-aggregator/lib/resorts"
2026-01-02T19:09:29.710821Z  INFO get_files:scan_sources: tailwindcss_oxide::scanner: Discovering "/Users/ryanbartell/ski-conditions-aggregator/.vscode"
2026-01-02T19:09:29.710870Z  INFO get_files:scan_sources: tailwindcss_oxide::scanner: exit
2026-01-02T19:09:29.710997Z  INFO get_files: tailwindcss_oxide::scanner: exit
2026-01-02T19:09:29.711089Z  INFO get_globs: tailwindcss_oxide::scanner: enter
2026-01-02T19:09:29.711091Z  INFO get_globs:scan_sources: tailwindcss_oxide::scanner: enter
2026-01-02T19:09:29.711200Z  INFO get_globs:scan_sources: tailwindcss_oxide::scanner: Discovering "/Users/ryanbartell/ski-conditions-aggregator/app"
2026-01-02T19:09:29.711218Z  INFO get_globs:scan_sources: tailwindcss_oxide::scanner: Discovering "/Users/ryanbartell/ski-conditions-aggregator/app/components"
2026-01-02T19:09:29.711243Z  INFO get_globs:scan_sources: tailwindcss_oxide::scanner: Discovering "/Users/ryanbartell/ski-conditions-aggregator/app/api"
2026-01-02T19:09:29.711258Z  INFO get_globs:scan_sources: tailwindcss_oxide::scanner: Discovering "/Users/ryanbartell/ski-conditions-aggregator/app/api/scrape"
2026-01-02T19:09:29.711279Z  INFO get_globs:scan_sources: tailwindcss_oxide::scanner: Discovering "/Users/ryanbartell/ski-conditions-aggregator/app/api/radar"
2026-01-02T19:09:29.711298Z  INFO get_globs:scan_sources: tailwindcss_oxide::scanner: Discovering "/Users/ryanbartell/ski-conditions-aggregator/app/api/radar/noaa-scrape"
2026-01-02T19:09:29.711318Z  INFO get_globs:scan_sources: tailwindcss_oxide::scanner: Discovering "/Users/ryanbartell/ski-conditions-aggregator/app/api/radar/debug-pixel"
2026-01-02T19:09:29.711337Z  INFO get_globs:scan_sources: tailwindcss_oxide::scanner: Discovering "/Users/ryanbartell/ski-conditions-aggregator/app/api/radar/frames"
2026-01-02T19:09:29.711356Z  INFO get_globs:scan_sources: tailwindcss_oxide::scanner: Discovering "/Users/ryanbartell/ski-conditions-aggregator/app/api/radar/tile"
2026-01-02T19:09:29.711375Z  INFO get_globs:scan_sources: tailwindcss_oxide::scanner: Discovering "/Users/ryanbartell/ski-conditions-aggregator/app/api/radar/debug-screenshot"
2026-01-02T19:09:29.711394Z  INFO get_globs:scan_sources: tailwindcss_oxide::scanner: Discovering "/Users/ryanbartell/ski-conditions-aggregator/app/api/radar/synthetic"
2026-01-02T19:09:29.711412Z  INFO get_globs:scan_sources: tailwindcss_oxide::scanner: Discovering "/Users/ryanbartell/ski-conditions-aggregator/app/api/radar/lib"
2026-01-02T19:09:29.711443Z  INFO get_globs:scan_sources: tailwindcss_oxide::scanner: Discovering "/Users/ryanbartell/ski-conditions-aggregator/app/api/radar/synthetic-frames"
2026-01-02T19:09:29.711471Z  INFO get_globs:scan_sources: tailwindcss_oxide::scanner: Discovering "/Users/ryanbartell/ski-conditions-aggregator/cache"
2026-01-02T19:09:29.711486Z  INFO get_globs:scan_sources: tailwindcss_oxide::scanner: Discovering "/Users/ryanbartell/ski-conditions-aggregator/cache/noaa-radar"
2026-01-02T19:09:29.711568Z  INFO get_globs:scan_sources: tailwindcss_oxide::scanner: Discovering "/Users/ryanbartell/ski-conditions-aggregator/components"
2026-01-02T19:09:29.711589Z  INFO get_globs:scan_sources: tailwindcss_oxide::scanner: Discovering "/Users/ryanbartell/ski-conditions-aggregator/public"
2026-01-02T19:09:29.711606Z  INFO get_globs:scan_sources: tailwindcss_oxide::scanner: Discovering "/Users/ryanbartell/ski-conditions-aggregator/public/debug-screenshots"
2026-01-02T19:09:29.711659Z  INFO get_globs:scan_sources: tailwindcss_oxide::scanner: Discovering "/Users/ryanbartell/ski-conditions-aggregator/scripts"
2026-01-02T19:09:29.711679Z  INFO get_globs:scan_sources: tailwindcss_oxide::scanner: Discovering "/Users/ryanbartell/ski-conditions-aggregator/scripts/cache"
2026-01-02T19:09:29.711694Z  INFO get_globs:scan_sources: tailwindcss_oxide::scanner: Discovering "/Users/ryanbartell/ski-conditions-aggregator/scripts/cache/stations"
2026-01-02T19:09:29.711727Z  INFO get_globs:scan_sources: tailwindcss_oxide::scanner: Discovering "/Users/ryanbartell/ski-conditions-aggregator/scripts/test"
2026-01-02T19:09:29.711748Z  INFO get_globs:scan_sources: tailwindcss_oxide::scanner: Discovering "/Users/ryanbartell/ski-conditions-aggregator/scripts/output"
2026-01-02T19:09:29.711802Z  INFO get_globs:scan_sources: tailwindcss_oxide::scanner: Discovering "/Users/ryanbartell/ski-conditions-aggregator/lib"
2026-01-02T19:09:29.711828Z  INFO get_globs:scan_sources: tailwindcss_oxide::scanner: Discovering "/Users/ryanbartell/ski-conditions-aggregator/lib/db"
2026-01-02T19:09:29.711850Z  INFO get_globs:scan_sources: tailwindcss_oxide::scanner: Discovering "/Users/ryanbartell/ski-conditions-aggregator/lib/resorts"
2026-01-02T19:09:29.711884Z  INFO get_globs:scan_sources: tailwindcss_oxide::scanner: Discovering "/Users/ryanbartell/ski-conditions-aggregator/.vscode"
2026-01-02T19:09:29.711914Z  INFO get_globs:scan_sources: tailwindcss_oxide::scanner: exit
2026-01-02T19:09:29.713253Z  INFO get_globs: tailwindcss_oxide::scanner: exit
